c:\cs2013\dragbase for  notepad++\dragbase for  notepad++\notepad non\unicode realeas\vc141.pdb
c:\cs2013\dragbase for  notepad++\dragbase for  notepad++\notepad non\unicode realeas\plugindefinition.obj
c:\cs2013\dragbase for  notepad++\dragbase for  notepad++\notepad non\unicode realeas\nppplugin.obj
c:\cs2013\dragbase for  notepad++\dragbase for  notepad++\notepad non\unicode realeas\staticdialog.obj
c:\cs2013\dragbase for  notepad++\dragbase for  notepad++\notepad non\unicode realeas\gotolinedlg.obj
c:\cs2013\dragbase for  notepad++\dragbase for  notepad++\notepad non\bin\nppplugindemo.lib
c:\cs2013\dragbase for  notepad++\dragbase for  notepad++\notepad non\bin\nppplugindemo.exp
c:\cs2013\dragbase for  notepad++\dragbase for  notepad++\notepad non\bin\dragbasefornotepadpp.dll
c:\cs2013\dragbase for  notepad++\dragbase for  notepad++\notepad non\bin\dragbasefornotepadpp.pdb
c:\cs2013\dragbase for  notepad++\dragbase for  notepad++\notepad non\unicode realeas\goline.res
c:\cs2013\dragbase for  notepad++\dragbase for  notepad++\notepad non\.\bin\dragbasefornotepadpp.dll
c:\cs2013\dragbase for  notepad++\dragbase for  notepad++\notepad non\unicode realeas\dragbase.1590d7cd.tlog\cl.command.1.tlog
c:\cs2013\dragbase for  notepad++\dragbase for  notepad++\notepad non\unicode realeas\dragbase.1590d7cd.tlog\cl.read.1.tlog
c:\cs2013\dragbase for  notepad++\dragbase for  notepad++\notepad non\unicode realeas\dragbase.1590d7cd.tlog\cl.write.1.tlog
c:\cs2013\dragbase for  notepad++\dragbase for  notepad++\notepad non\unicode realeas\dragbase.1590d7cd.tlog\dragbase notepadpp plugin.write.1u.tlog
c:\cs2013\dragbase for  notepad++\dragbase for  notepad++\notepad non\unicode realeas\dragbase.1590d7cd.tlog\link.command.1.tlog
c:\cs2013\dragbase for  notepad++\dragbase for  notepad++\notepad non\unicode realeas\dragbase.1590d7cd.tlog\link.read.1.tlog
c:\cs2013\dragbase for  notepad++\dragbase for  notepad++\notepad non\unicode realeas\dragbase.1590d7cd.tlog\link.write.1.tlog
c:\cs2013\dragbase for  notepad++\dragbase for  notepad++\notepad non\unicode realeas\dragbase.1590d7cd.tlog\rc.command.1.tlog
c:\cs2013\dragbase for  notepad++\dragbase for  notepad++\notepad non\unicode realeas\dragbase.1590d7cd.tlog\rc.read.1.tlog
c:\cs2013\dragbase for  notepad++\dragbase for  notepad++\notepad non\unicode realeas\dragbase.1590d7cd.tlog\rc.write.1.tlog
